  v4(다양한 항목).cpp
C:\Users\이정선\Desktop\2학년 2학기\자료구조(104)\note\전화번호부\v4(다양한 항목).cpp(1,1): warning C4828: 파일에 0xe74 오프셋에서 시작하는 문자가 포함되어 있습니다. 이 문자는 현재 원본 문자 집합에서 잘못된 문자입니다(코드 페이지 65001).
C:\Users\이정선\Desktop\2학년 2학기\자료구조(104)\note\전화번호부\v4(다양한 항목).cpp(1,1): warning C4828: 파일에 0xe75 오프셋에서 시작하는 문자가 포함되어 있습니다. 이 문자는 현재 원본 문자 집합에서 잘못된 문자입니다(코드 페이지 65001).
C:\Users\이정선\Desktop\2학년 2학기\자료구조(104)\note\전화번호부\v4(다양한 항목).cpp(1,1): warning C4828: 파일에 0xe76 오프셋에서 시작하는 문자가 포함되어 있습니다. 이 문자는 현재 원본 문자 집합에서 잘못된 문자입니다(코드 페이지 65001).
C:\Users\이정선\Desktop\2학년 2학기\자료구조(104)\note\전화번호부\v4(다양한 항목).cpp(1,1): warning C4828: 파일에 0xe77 오프셋에서 시작하는 문자가 포함되어 있습니다. 이 문자는 현재 원본 문자 집합에서 잘못된 문자입니다(코드 페이지 65001).
C:\Users\이정선\Desktop\2학년 2학기\자료구조(104)\note\전화번호부\v4(다양한 항목).cpp(1,1): warning C4828: 파일에 0xe79 오프셋에서 시작하는 문자가 포함되어 있습니다. 이 문자는 현재 원본 문자 집합에서 잘못된 문자입니다(코드 페이지 65001).
C:\Users\이정선\Desktop\2학년 2학기\자료구조(104)\note\전화번호부\v4(다양한 항목).cpp(1,1): warning C4828: 파일에 0xe7a 오프셋에서 시작하는 문자가 포함되어 있습니다. 이 문자는 현재 원본 문자 집합에서 잘못된 문자입니다(코드 페이지 65001).
C:\Users\이정선\Desktop\2학년 2학기\자료구조(104)\note\전화번호부\v4(다양한 항목).cpp(1,1): warning C4828: 파일에 0xe7e 오프셋에서 시작하는 문자가 포함되어 있습니다. 이 문자는 현재 원본 문자 집합에서 잘못된 문자입니다(코드 페이지 65001).
C:\Users\이정선\Desktop\2학년 2학기\자료구조(104)\note\전화번호부\v4(다양한 항목).cpp(1,1): warning C4828: 파일에 0xe80 오프셋에서 시작하는 문자가 포함되어 있습니다. 이 문자는 현재 원본 문자 집합에서 잘못된 문자입니다(코드 페이지 65001).
C:\Users\이정선\Desktop\2학년 2학기\자료구조(104)\note\전화번호부\v4(다양한 항목).cpp(1,1): warning C4828: 파일에 0xe81 오프셋에서 시작하는 문자가 포함되어 있습니다. 이 문자는 현재 원본 문자 집합에서 잘못된 문자입니다(코드 페이지 65001).
C:\Users\이정선\Desktop\2학년 2학기\자료구조(104)\note\전화번호부\v4(다양한 항목).cpp(1,1): warning C4828: 파일에 0xe82 오프셋에서 시작하는 문자가 포함되어 있습니다. 이 문자는 현재 원본 문자 집합에서 잘못된 문자입니다(코드 페이지 65001).
C:\Users\이정선\Desktop\2학년 2학기\자료구조(104)\note\전화번호부\v4(다양한 항목).cpp(1,1): warning C4828: 파일에 0xe83 오프셋에서 시작하는 문자가 포함되어 있습니다. 이 문자는 현재 원본 문자 집합에서 잘못된 문자입니다(코드 페이지 65001).
C:\Users\이정선\Desktop\2학년 2학기\자료구조(104)\note\전화번호부\v4(다양한 항목).cpp(1,1): warning C4828: 파일에 0xe85 오프셋에서 시작하는 문자가 포함되어 있습니다. 이 문자는 현재 원본 문자 집합에서 잘못된 문자입니다(코드 페이지 65001).
C:\Users\이정선\Desktop\2학년 2학기\자료구조(104)\note\전화번호부\v4(다양한 항목).cpp(1,1): warning C4828: 파일에 0xe86 오프셋에서 시작하는 문자가 포함되어 있습니다. 이 문자는 현재 원본 문자 집합에서 잘못된 문자입니다(코드 페이지 65001).
C:\Users\이정선\Desktop\2학년 2학기\자료구조(104)\note\전화번호부\v4(다양한 항목).cpp(1,1): warning C4828: 파일에 0xe87 오프셋에서 시작하는 문자가 포함되어 있습니다. 이 문자는 현재 원본 문자 집합에서 잘못된 문자입니다(코드 페이지 65001).
C:\Users\이정선\Desktop\2학년 2학기\자료구조(104)\note\전화번호부\v4(다양한 항목).cpp(1,1): warning C4828: 파일에 0xe8b 오프셋에서 시작하는 문자가 포함되어 있습니다. 이 문자는 현재 원본 문자 집합에서 잘못된 문자입니다(코드 페이지 65001).
C:\Users\이정선\Desktop\2학년 2학기\자료구조(104)\note\전화번호부\v4(다양한 항목).cpp(1,1): warning C4828: 파일에 0xe8e 오프셋에서 시작하는 문자가 포함되어 있습니다. 이 문자는 현재 원본 문자 집합에서 잘못된 문자입니다(코드 페이지 65001).
C:\Users\이정선\Desktop\2학년 2학기\자료구조(104)\note\전화번호부\v4(다양한 항목).cpp(1,1): warning C4828: 파일에 0xe90 오프셋에서 시작하는 문자가 포함되어 있습니다. 이 문자는 현재 원본 문자 집합에서 잘못된 문자입니다(코드 페이지 65001).
C:\Users\이정선\Desktop\2학년 2학기\자료구조(104)\note\전화번호부\v4(다양한 항목).cpp(1,1): warning C4828: 파일에 0xe91 오프셋에서 시작하는 문자가 포함되어 있습니다. 이 문자는 현재 원본 문자 집합에서 잘못된 문자입니다(코드 페이지 65001).
C:\Users\이정선\Desktop\2학년 2학기\자료구조(104)\note\전화번호부\v4(다양한 항목).cpp(1,1): warning C4828: 파일에 0xe92 오프셋에서 시작하는 문자가 포함되어 있습니다. 이 문자는 현재 원본 문자 집합에서 잘못된 문자입니다(코드 페이지 65001).
C:\Users\이정선\Desktop\2학년 2학기\자료구조(104)\note\전화번호부\v4(다양한 항목).cpp(1,1): warning C4828: 파일에 0xe93 오프셋에서 시작하는 문자가 포함되어 있습니다. 이 문자는 현재 원본 문자 집합에서 잘못된 문자입니다(코드 페이지 65001).
C:\Users\이정선\Desktop\2학년 2학기\자료구조(104)\note\전화번호부\v4(다양한 항목).cpp(1,1): warning C4828: 파일에 0xfdd 오프셋에서 시작하는 문자가 포함되어 있습니다. 이 문자는 현재 원본 문자 집합에서 잘못된 문자입니다(코드 페이지 65001).
C:\Users\이정선\Desktop\2학년 2학기\자료구조(104)\note\전화번호부\v4(다양한 항목).cpp(1,1): warning C4828: 파일에 0xfde 오프셋에서 시작하는 문자가 포함되어 있습니다. 이 문자는 현재 원본 문자 집합에서 잘못된 문자입니다(코드 페이지 65001).
C:\Users\이정선\Desktop\2학년 2학기\자료구조(104)\note\전화번호부\v4(다양한 항목).cpp(1,1): warning C4828: 파일에 0xfe0 오프셋에서 시작하는 문자가 포함되어 있습니다. 이 문자는 현재 원본 문자 집합에서 잘못된 문자입니다(코드 페이지 65001).
C:\Users\이정선\Desktop\2학년 2학기\자료구조(104)\note\전화번호부\v4(다양한 항목).cpp(1,1): warning C4828: 파일에 0xfe3 오프셋에서 시작하는 문자가 포함되어 있습니다. 이 문자는 현재 원본 문자 집합에서 잘못된 문자입니다(코드 페이지 65001).
C:\Users\이정선\Desktop\2학년 2학기\자료구조(104)\note\전화번호부\v4(다양한 항목).cpp(1,1): warning C4828: 파일에 0xfe5 오프셋에서 시작하는 문자가 포함되어 있습니다. 이 문자는 현재 원본 문자 집합에서 잘못된 문자입니다(코드 페이지 65001).
C:\Users\이정선\Desktop\2학년 2학기\자료구조(104)\note\전화번호부\v4(다양한 항목).cpp(1,1): warning C4828: 파일에 0xfe6 오프셋에서 시작하는 문자가 포함되어 있습니다. 이 문자는 현재 원본 문자 집합에서 잘못된 문자입니다(코드 페이지 65001).
C:\Users\이정선\Desktop\2학년 2학기\자료구조(104)\note\전화번호부\v4(다양한 항목).cpp(1,1): warning C4828: 파일에 0xfe8 오프셋에서 시작하는 문자가 포함되어 있습니다. 이 문자는 현재 원본 문자 집합에서 잘못된 문자입니다(코드 페이지 65001).
C:\Users\이정선\Desktop\2학년 2학기\자료구조(104)\note\전화번호부\v4(다양한 항목).cpp(1,1): warning C4828: 파일에 0xfea 오프셋에서 시작하는 문자가 포함되어 있습니다. 이 문자는 현재 원본 문자 집합에서 잘못된 문자입니다(코드 페이지 65001).
C:\Users\이정선\Desktop\2학년 2학기\자료구조(104)\note\전화번호부\v4(다양한 항목).cpp(1,1): warning C4828: 파일에 0xfef 오프셋에서 시작하는 문자가 포함되어 있습니다. 이 문자는 현재 원본 문자 집합에서 잘못된 문자입니다(코드 페이지 65001).
C:\Users\이정선\Desktop\2학년 2학기\자료구조(104)\note\전화번호부\v4(다양한 항목).cpp(1,1): warning C4828: 파일에 0xff0 오프셋에서 시작하는 문자가 포함되어 있습니다. 이 문자는 현재 원본 문자 집합에서 잘못된 문자입니다(코드 페이지 65001).
C:\Users\이정선\Desktop\2학년 2학기\자료구조(104)\note\전화번호부\v4(다양한 항목).cpp(1,1): warning C4828: 파일에 0xff1 오프셋에서 시작하는 문자가 포함되어 있습니다. 이 문자는 현재 원본 문자 집합에서 잘못된 문자입니다(코드 페이지 65001).
C:\Users\이정선\Desktop\2학년 2학기\자료구조(104)\note\전화번호부\v4(다양한 항목).cpp(1,1): warning C4828: 파일에 0xff2 오프셋에서 시작하는 문자가 포함되어 있습니다. 이 문자는 현재 원본 문자 집합에서 잘못된 문자입니다(코드 페이지 65001).
C:\Users\이정선\Desktop\2학년 2학기\자료구조(104)\note\전화번호부\v4(다양한 항목).cpp(1,1): warning C4828: 파일에 0xff3 오프셋에서 시작하는 문자가 포함되어 있습니다. 이 문자는 현재 원본 문자 집합에서 잘못된 문자입니다(코드 페이지 65001).
C:\Users\이정선\Desktop\2학년 2학기\자료구조(104)\note\전화번호부\v4(다양한 항목).cpp(1,1): warning C4828: 파일에 0xff4 오프셋에서 시작하는 문자가 포함되어 있습니다. 이 문자는 현재 원본 문자 집합에서 잘못된 문자입니다(코드 페이지 65001).
C:\Users\이정선\Desktop\2학년 2학기\자료구조(104)\note\전화번호부\v4(다양한 항목).cpp(1,1): warning C4828: 파일에 0x10d4 오프셋에서 시작하는 문자가 포함되어 있습니다. 이 문자는 현재 원본 문자 집합에서 잘못된 문자입니다(코드 페이지 65001).
C:\Users\이정선\Desktop\2학년 2학기\자료구조(104)\note\전화번호부\v4(다양한 항목).cpp(1,1): warning C4828: 파일에 0x10d5 오프셋에서 시작하는 문자가 포함되어 있습니다. 이 문자는 현재 원본 문자 집합에서 잘못된 문자입니다(코드 페이지 65001).
C:\Users\이정선\Desktop\2학년 2학기\자료구조(104)\note\전화번호부\v4(다양한 항목).cpp(1,1): warning C4828: 파일에 0x10d6 오프셋에서 시작하는 문자가 포함되어 있습니다. 이 문자는 현재 원본 문자 집합에서 잘못된 문자입니다(코드 페이지 65001).
C:\Users\이정선\Desktop\2학년 2학기\자료구조(104)\note\전화번호부\v4(다양한 항목).cpp(1,1): warning C4828: 파일에 0x10d7 오프셋에서 시작하는 문자가 포함되어 있습니다. 이 문자는 현재 원본 문자 집합에서 잘못된 문자입니다(코드 페이지 65001).
C:\Users\이정선\Desktop\2학년 2학기\자료구조(104)\note\전화번호부\v4(다양한 항목).cpp(1,1): warning C4828: 파일에 0x10db 오프셋에서 시작하는 문자가 포함되어 있습니다. 이 문자는 현재 원본 문자 집합에서 잘못된 문자입니다(코드 페이지 65001).
C:\Users\이정선\Desktop\2학년 2학기\자료구조(104)\note\전화번호부\v4(다양한 항목).cpp(1,1): warning C4828: 파일에 0x10de 오프셋에서 시작하는 문자가 포함되어 있습니다. 이 문자는 현재 원본 문자 집합에서 잘못된 문자입니다(코드 페이지 65001).
C:\Users\이정선\Desktop\2학년 2학기\자료구조(104)\note\전화번호부\v4(다양한 항목).cpp(1,1): warning C4828: 파일에 0x10e0 오프셋에서 시작하는 문자가 포함되어 있습니다. 이 문자는 현재 원본 문자 집합에서 잘못된 문자입니다(코드 페이지 65001).
C:\Users\이정선\Desktop\2학년 2학기\자료구조(104)\note\전화번호부\v4(다양한 항목).cpp(1,1): warning C4828: 파일에 0x10e3 오프셋에서 시작하는 문자가 포함되어 있습니다. 이 문자는 현재 원본 문자 집합에서 잘못된 문자입니다(코드 페이지 65001).
C:\Users\이정선\Desktop\2학년 2학기\자료구조(104)\note\전화번호부\v4(다양한 항목).cpp(1,1): warning C4828: 파일에 0x10e5 오프셋에서 시작하는 문자가 포함되어 있습니다. 이 문자는 현재 원본 문자 집합에서 잘못된 문자입니다(코드 페이지 65001).
C:\Users\이정선\Desktop\2학년 2학기\자료구조(104)\note\전화번호부\v4(다양한 항목).cpp(1,1): warning C4828: 파일에 0x10ea 오프셋에서 시작하는 문자가 포함되어 있습니다. 이 문자는 현재 원본 문자 집합에서 잘못된 문자입니다(코드 페이지 65001).
C:\Users\이정선\Desktop\2학년 2학기\자료구조(104)\note\전화번호부\v4(다양한 항목).cpp(1,1): warning C4828: 파일에 0x10eb 오프셋에서 시작하는 문자가 포함되어 있습니다. 이 문자는 현재 원본 문자 집합에서 잘못된 문자입니다(코드 페이지 65001).
C:\Users\이정선\Desktop\2학년 2학기\자료구조(104)\note\전화번호부\v4(다양한 항목).cpp(1,1): warning C4828: 파일에 0x10ed 오프셋에서 시작하는 문자가 포함되어 있습니다. 이 문자는 현재 원본 문자 집합에서 잘못된 문자입니다(코드 페이지 65001).
C:\Users\이정선\Desktop\2학년 2학기\자료구조(104)\note\전화번호부\v4(다양한 항목).cpp(1,1): warning C4828: 파일에 0x10ee 오프셋에서 시작하는 문자가 포함되어 있습니다. 이 문자는 현재 원본 문자 집합에서 잘못된 문자입니다(코드 페이지 65001).
C:\Users\이정선\Desktop\2학년 2학기\자료구조(104)\note\전화번호부\v4(다양한 항목).cpp(1,1): warning C4828: 파일에 0x10ef 오프셋에서 시작하는 문자가 포함되어 있습니다. 이 문자는 현재 원본 문자 집합에서 잘못된 문자입니다(코드 페이지 65001).
C:\Users\이정선\Desktop\2학년 2학기\자료구조(104)\note\전화번호부\v4(다양한 항목).cpp(1,1): warning C4828: 파일에 0x10f0 오프셋에서 시작하는 문자가 포함되어 있습니다. 이 문자는 현재 원본 문자 집합에서 잘못된 문자입니다(코드 페이지 65001).
C:\Users\이정선\Desktop\2학년 2학기\자료구조(104)\note\전화번호부\v4(다양한 항목).cpp(1,1): warning C4828: 파일에 0x10f6 오프셋에서 시작하는 문자가 포함되어 있습니다. 이 문자는 현재 원본 문자 집합에서 잘못된 문자입니다(코드 페이지 65001).
C:\Users\이정선\Desktop\2학년 2학기\자료구조(104)\note\전화번호부\v4(다양한 항목).cpp(1,1): warning C4828: 파일에 0x10f9 오프셋에서 시작하는 문자가 포함되어 있습니다. 이 문자는 현재 원본 문자 집합에서 잘못된 문자입니다(코드 페이지 65001).
C:\Users\이정선\Desktop\2학년 2학기\자료구조(104)\note\전화번호부\v4(다양한 항목).cpp(1,1): warning C4828: 파일에 0x1128 오프셋에서 시작하는 문자가 포함되어 있습니다. 이 문자는 현재 원본 문자 집합에서 잘못된 문자입니다(코드 페이지 65001).
C:\Users\이정선\Desktop\2학년 2학기\자료구조(104)\note\전화번호부\v4(다양한 항목).cpp(1,1): warning C4828: 파일에 0x1129 오프셋에서 시작하는 문자가 포함되어 있습니다. 이 문자는 현재 원본 문자 집합에서 잘못된 문자입니다(코드 페이지 65001).
C:\Users\이정선\Desktop\2학년 2학기\자료구조(104)\note\전화번호부\v4(다양한 항목).cpp(1,1): warning C4828: 파일에 0x112d 오프셋에서 시작하는 문자가 포함되어 있습니다. 이 문자는 현재 원본 문자 집합에서 잘못된 문자입니다(코드 페이지 65001).
C:\Users\이정선\Desktop\2학년 2학기\자료구조(104)\note\전화번호부\v4(다양한 항목).cpp(1,1): warning C4828: 파일에 0x112e 오프셋에서 시작하는 문자가 포함되어 있습니다. 이 문자는 현재 원본 문자 집합에서 잘못된 문자입니다(코드 페이지 65001).
C:\Users\이정선\Desktop\2학년 2학기\자료구조(104)\note\전화번호부\v4(다양한 항목).cpp(1,1): warning C4828: 파일에 0x1130 오프셋에서 시작하는 문자가 포함되어 있습니다. 이 문자는 현재 원본 문자 집합에서 잘못된 문자입니다(코드 페이지 65001).
C:\Users\이정선\Desktop\2학년 2학기\자료구조(104)\note\전화번호부\v4(다양한 항목).cpp(1,1): warning C4828: 파일에 0x1133 오프셋에서 시작하는 문자가 포함되어 있습니다. 이 문자는 현재 원본 문자 집합에서 잘못된 문자입니다(코드 페이지 65001).
C:\Users\이정선\Desktop\2학년 2학기\자료구조(104)\note\전화번호부\v4(다양한 항목).cpp(1,1): warning C4828: 파일에 0x1134 오프셋에서 시작하는 문자가 포함되어 있습니다. 이 문자는 현재 원본 문자 집합에서 잘못된 문자입니다(코드 페이지 65001).
C:\Users\이정선\Desktop\2학년 2학기\자료구조(104)\note\전화번호부\v4(다양한 항목).cpp(1,1): warning C4828: 파일에 0x1135 오프셋에서 시작하는 문자가 포함되어 있습니다. 이 문자는 현재 원본 문자 집합에서 잘못된 문자입니다(코드 페이지 65001).
C:\Users\이정선\Desktop\2학년 2학기\자료구조(104)\note\전화번호부\v4(다양한 항목).cpp(1,1): warning C4828: 파일에 0x1137 오프셋에서 시작하는 문자가 포함되어 있습니다. 이 문자는 현재 원본 문자 집합에서 잘못된 문자입니다(코드 페이지 65001).
C:\Users\이정선\Desktop\2학년 2학기\자료구조(104)\note\전화번호부\v4(다양한 항목).cpp(1,1): warning C4828: 파일에 0x1138 오프셋에서 시작하는 문자가 포함되어 있습니다. 이 문자는 현재 원본 문자 집합에서 잘못된 문자입니다(코드 페이지 65001).
C:\Users\이정선\Desktop\2학년 2학기\자료구조(104)\note\전화번호부\v4(다양한 항목).cpp(1,1): warning C4828: 파일에 0x113a 오프셋에서 시작하는 문자가 포함되어 있습니다. 이 문자는 현재 원본 문자 집합에서 잘못된 문자입니다(코드 페이지 65001).
C:\Users\이정선\Desktop\2학년 2학기\자료구조(104)\note\전화번호부\v4(다양한 항목).cpp(1,1): warning C4828: 파일에 0x1160 오프셋에서 시작하는 문자가 포함되어 있습니다. 이 문자는 현재 원본 문자 집합에서 잘못된 문자입니다(코드 페이지 65001).
C:\Users\이정선\Desktop\2학년 2학기\자료구조(104)\note\전화번호부\v4(다양한 항목).cpp(1,1): warning C4828: 파일에 0x1161 오프셋에서 시작하는 문자가 포함되어 있습니다. 이 문자는 현재 원본 문자 집합에서 잘못된 문자입니다(코드 페이지 65001).
C:\Users\이정선\Desktop\2학년 2학기\자료구조(104)\note\전화번호부\v4(다양한 항목).cpp(1,1): warning C4828: 파일에 0x1163 오프셋에서 시작하는 문자가 포함되어 있습니다. 이 문자는 현재 원본 문자 집합에서 잘못된 문자입니다(코드 페이지 65001).
C:\Users\이정선\Desktop\2학년 2학기\자료구조(104)\note\전화번호부\v4(다양한 항목).cpp(1,1): warning C4828: 파일에 0x1166 오프셋에서 시작하는 문자가 포함되어 있습니다. 이 문자는 현재 원본 문자 집합에서 잘못된 문자입니다(코드 페이지 65001).
C:\Users\이정선\Desktop\2학년 2학기\자료구조(104)\note\전화번호부\v4(다양한 항목).cpp(1,1): warning C4828: 파일에 0x1168 오프셋에서 시작하는 문자가 포함되어 있습니다. 이 문자는 현재 원본 문자 집합에서 잘못된 문자입니다(코드 페이지 65001).
C:\Users\이정선\Desktop\2학년 2학기\자료구조(104)\note\전화번호부\v4(다양한 항목).cpp(1,1): warning C4828: 파일에 0x116b 오프셋에서 시작하는 문자가 포함되어 있습니다. 이 문자는 현재 원본 문자 집합에서 잘못된 문자입니다(코드 페이지 65001).
C:\Users\이정선\Desktop\2학년 2학기\자료구조(104)\note\전화번호부\v4(다양한 항목).cpp(1,1): warning C4828: 파일에 0x116c 오프셋에서 시작하는 문자가 포함되어 있습니다. 이 문자는 현재 원본 문자 집합에서 잘못된 문자입니다(코드 페이지 65001).
C:\Users\이정선\Desktop\2학년 2학기\자료구조(104)\note\전화번호부\v4(다양한 항목).cpp(1,1): warning C4828: 파일에 0x116d 오프셋에서 시작하는 문자가 포함되어 있습니다. 이 문자는 현재 원본 문자 집합에서 잘못된 문자입니다(코드 페이지 65001).
C:\Users\이정선\Desktop\2학년 2학기\자료구조(104)\note\전화번호부\v4(다양한 항목).cpp(1,1): warning C4828: 파일에 0x116f 오프셋에서 시작하는 문자가 포함되어 있습니다. 이 문자는 현재 원본 문자 집합에서 잘못된 문자입니다(코드 페이지 65001).
C:\Users\이정선\Desktop\2학년 2학기\자료구조(104)\note\전화번호부\v4(다양한 항목).cpp(1,1): warning C4828: 파일에 0x1172 오프셋에서 시작하는 문자가 포함되어 있습니다. 이 문자는 현재 원본 문자 집합에서 잘못된 문자입니다(코드 페이지 65001).
C:\Users\이정선\Desktop\2학년 2학기\자료구조(104)\note\전화번호부\v4(다양한 항목).cpp(1,1): warning C4828: 파일에 0x1174 오프셋에서 시작하는 문자가 포함되어 있습니다. 이 문자는 현재 원본 문자 집합에서 잘못된 문자입니다(코드 페이지 65001).
C:\Users\이정선\Desktop\2학년 2학기\자료구조(104)\note\전화번호부\v4(다양한 항목).cpp(1,1): warning C4828: 파일에 0x1177 오프셋에서 시작하는 문자가 포함되어 있습니다. 이 문자는 현재 원본 문자 집합에서 잘못된 문자입니다(코드 페이지 65001).
C:\Users\이정선\Desktop\2학년 2학기\자료구조(104)\note\전화번호부\v4(다양한 항목).cpp(1,1): warning C4828: 파일에 0x1178 오프셋에서 시작하는 문자가 포함되어 있습니다. 이 문자는 현재 원본 문자 집합에서 잘못된 문자입니다(코드 페이지 65001).
C:\Users\이정선\Desktop\2학년 2학기\자료구조(104)\note\전화번호부\v4(다양한 항목).cpp(1,1): warning C4828: 파일에 0x1179 오프셋에서 시작하는 문자가 포함되어 있습니다. 이 문자는 현재 원본 문자 집합에서 잘못된 문자입니다(코드 페이지 65001).
C:\Users\이정선\Desktop\2학년 2학기\자료구조(104)\note\전화번호부\v4(다양한 항목).cpp(157,38): warning C4018: '<': signed 또는 unsigned가 일치하지 않습니다.
  전화번호부.vcxproj -> C:\Users\이정선\Desktop\2학년 2학기\자료구조(104)\note\전화번호부\Debug\전화번호부.exe
