c:\users\이정선\desktop\2학년 2학기\자료구조(104)\note\스택adt_후위표기식\debug\vc142.pdb
c:\users\이정선\desktop\2학년 2학기\자료구조(104)\note\스택adt_후위표기식\debug\vc142.idb
c:\users\이정선\desktop\2학년 2학기\자료구조(104)\note\스택adt_후위표기식\debug\string_tools.obj
c:\users\이정선\desktop\2학년 2학기\자료구조(104)\note\스택adt_후위표기식\debug\stackadt.obj
c:\users\이정선\desktop\2학년 2학기\자료구조(104)\note\스택adt_후위표기식\debug\main.obj
c:\users\이정선\desktop\2학년 2학기\자료구조(104)\note\스택adt_후위표기식\debug\스택adt_후위표기식.ilk
c:\users\이정선\desktop\2학년 2학기\자료구조(104)\note\스택adt_후위표기식\debug\스택adt_후위표기식.exe
c:\users\이정선\desktop\2학년 2학기\자료구조(104)\note\스택adt_후위표기식\debug\스택adt_후위표기식.pdb
c:\users\이정선\desktop\2학년 2학기\자료구조(104)\note\스택adt_후위표기식\debug\main.obj.enc
c:\users\이정선\desktop\2학년 2학기\자료구조(104)\note\스택adt_후위표기식\debug\스택adt_후위표기식.tlog\cl.command.1.tlog
c:\users\이정선\desktop\2학년 2학기\자료구조(104)\note\스택adt_후위표기식\debug\스택adt_후위표기식.tlog\cl.read.1.tlog
c:\users\이정선\desktop\2학년 2학기\자료구조(104)\note\스택adt_후위표기식\debug\스택adt_후위표기식.tlog\cl.write.1.tlog
c:\users\이정선\desktop\2학년 2학기\자료구조(104)\note\스택adt_후위표기식\debug\스택adt_후위표기식.tlog\link-cvtres.read.1.tlog
c:\users\이정선\desktop\2학년 2학기\자료구조(104)\note\스택adt_후위표기식\debug\스택adt_후위표기식.tlog\link-cvtres.write.1.tlog
c:\users\이정선\desktop\2학년 2학기\자료구조(104)\note\스택adt_후위표기식\debug\스택adt_후위표기식.tlog\link-rc.read.1.tlog
c:\users\이정선\desktop\2학년 2학기\자료구조(104)\note\스택adt_후위표기식\debug\스택adt_후위표기식.tlog\link-rc.write.1.tlog
c:\users\이정선\desktop\2학년 2학기\자료구조(104)\note\스택adt_후위표기식\debug\스택adt_후위표기식.tlog\link.19812-cvtres.read.1.tlog
c:\users\이정선\desktop\2학년 2학기\자료구조(104)\note\스택adt_후위표기식\debug\스택adt_후위표기식.tlog\link.19812-cvtres.write.1.tlog
c:\users\이정선\desktop\2학년 2학기\자료구조(104)\note\스택adt_후위표기식\debug\스택adt_후위표기식.tlog\link.19812-rc.read.1.tlog
c:\users\이정선\desktop\2학년 2학기\자료구조(104)\note\스택adt_후위표기식\debug\스택adt_후위표기식.tlog\link.19812-rc.write.1.tlog
c:\users\이정선\desktop\2학년 2학기\자료구조(104)\note\스택adt_후위표기식\debug\스택adt_후위표기식.tlog\link.19812.read.1.tlog
c:\users\이정선\desktop\2학년 2학기\자료구조(104)\note\스택adt_후위표기식\debug\스택adt_후위표기식.tlog\link.19812.write.1.tlog
c:\users\이정선\desktop\2학년 2학기\자료구조(104)\note\스택adt_후위표기식\debug\스택adt_후위표기식.tlog\link.command.1.tlog
c:\users\이정선\desktop\2학년 2학기\자료구조(104)\note\스택adt_후위표기식\debug\스택adt_후위표기식.tlog\link.read.1.tlog
c:\users\이정선\desktop\2학년 2학기\자료구조(104)\note\스택adt_후위표기식\debug\스택adt_후위표기식.tlog\link.write.1.tlog
